*** 2014-10-22 15:48:51.051 Adempiere Log (CLogFile) ***
15:48:51.050   CLogMgt.setLevel: CONFIG
15:48:52.489 Setup.<init>: ADempiere(r) Release 3.7.0.1LTS (VE)_2013-11-15 -ADEMPIERE ERP & CRM- (c) 1999-2014 ver:21102014 (r); Implementation: ADempiere 20141022-1543 - ADempiere
15:48:52.750 ConfigurationData.load: Defaults
15:49:53.414 Config.test: OK: JavaHome=/usr/lib/jvm/java-6-openjdk-amd64 [11]
15:49:53.415 Config.test: OK: Version=1.6.0_45 [11]
15:49:53.416 ConfigurationData.testAdempiere: OK: AdempiereHome = /home/vcappugi/workspace/Adempiere_370/install/build/Adempiere [11]
15:49:53.418 KeyStoreMgt.<init>: /home/vcappugi/workspace/Adempiere_370/install/build/Adempiere/keystore/myKeystore [11]
15:49:53.501 KeyStoreMgt.createCertificate:  [11]
15:49:55.469 KeyStoreMgt.keytool: keytool -genkey -keyalg rsa -alias adempiere -dname "CN=ESVENPA01, OU=vcappugi, O=AdempiereUser, L=MyTown, C=VE" -keypass myPassword -validity 999 -keystore /home/vcappugi/workspace/Adempiere_370/install/build/Adempiere/keystore/myKeystore -storepass myPassword [11]
15:49:56.007 KeyStoreMgt.keytool: keytool -selfcert -alias adempiere -dname "CN=ESVENPA01, OU=vcappugi, O=AdempiereUser, L=MyTown, C=VE" -keypass myPassword -validity 999 -keystore /home/vcappugi/workspace/Adempiere_370/install/build/Adempiere/keystore/myKeystore -storepass myPassword [11]
15:49:56.032   KeyStoreMgt.getCertificate: Alias=adempiere [11]
15:49:56.039 ConfigurationData.testAdempiere: OK: KeyStore = /home/vcappugi/workspace/Adempiere_370/install/build/Adempiere/keystore/myKeystore [11]
15:49:56.040 Config.test: OK: AppsServer = ESVENPA01/127.0.1.1 [11]
15:49:56.041 Config.test: OK: Deploy Directory = /home/vcappugi/workspace/Adempiere_370/install/build/Adempiere/jboss/server/adempiere/deploy [11]
15:49:56.049 Config.test: OK: JNPPort = 1099 [11]
15:49:56.095 Config.test: OK: Web Port = 8084 [11]
15:49:56.694 Config.test: OK: SSL Port = 4443 [11]
15:49:56.695 Config.test: OK: Database Server = /10.65.7.58 [11]
15:49:56.701 Config.test: OK: Database Port = 5432 [11]
15:49:58.128 Config.test: OK: System Connection = jdbc:postgresql://data-des:5432/template1 [11]
15:49:58.136 Config.test: OK: Database User = adempiere [11]
-----------> ConfigurationData.testPort: Open Socket ESVENPA01/127.0.1.1:25 - Connection refused [11]
15:49:58.143 ConfigurationData.testMailServer: SMTP Server NOT available [11]
-----------> ConfigurationData.testPort: Open Socket ESVENPA01/127.0.1.1:110 - Connection refused [11]
15:49:58.144 ConfigurationData.testMailServer: POP3 Server NOT available [11]
-----------> ConfigurationData.testPort: Open Socket ESVENPA01/127.0.1.1:143 - Connection refused [11]
15:49:58.145 ConfigurationData.testMailServer: IMAP4 Server NOT available [11]
-----------> ConfigurationData.testMailServer: No active Mail Server [11]
-----------> ConfigurationData.testMail: Not verified EMail = info@ESVENPA01 [11]
15:50:01.881 Config.test: OK: JavaHome=/usr/lib/jvm/java-6-openjdk-amd64 [12]
15:50:01.882 Config.test: OK: Version=1.6.0_45 [12]
15:50:01.882 ConfigurationData.testAdempiere: OK: AdempiereHome = /home/vcappugi/workspace/Adempiere_370/install/build/Adempiere [12]
15:50:01.883 KeyStoreMgt.<init>: /home/vcappugi/workspace/Adempiere_370/install/build/Adempiere/keystore/myKeystore [12]
15:50:01.883   KeyStoreMgt.getCertificate: Alias=adempiere [12]
15:50:01.884 ConfigurationData.testAdempiere: OK: KeyStore = /home/vcappugi/workspace/Adempiere_370/install/build/Adempiere/keystore/myKeystore [12]
15:50:01.885 Config.test: OK: AppsServer = ESVENPA01/127.0.1.1 [12]
15:50:01.886 Config.test: OK: Deploy Directory = /home/vcappugi/workspace/Adempiere_370/install/build/Adempiere/jboss/server/adempiere/deploy [12]
15:50:01.887 Config.test: OK: JNPPort = 1099 [12]
15:50:01.888 Config.test: OK: Web Port = 8084 [12]
15:50:01.889 Config.test: OK: SSL Port = 4443 [12]
15:50:01.890 Config.test: OK: Database Server = /10.65.7.58 [12]
15:50:01.891 Config.test: OK: Database Port = 5432 [12]
15:50:01.904 Config.test: OK: System Connection = jdbc:postgresql://data-des:5432/template1 [12]
15:50:01.911 Config.test: OK: Database User = adempiere [12]
-----------> ConfigurationData.testPort: Open Socket ESVENPA01/127.0.1.1:25 - Connection refused [12]
15:50:01.913 ConfigurationData.testMailServer: SMTP Server NOT available [12]
-----------> ConfigurationData.testPort: Open Socket ESVENPA01/127.0.1.1:110 - Connection refused [12]
15:50:01.914 ConfigurationData.testMailServer: POP3 Server NOT available [12]
-----------> ConfigurationData.testPort: Open Socket ESVENPA01/127.0.1.1:143 - Connection refused [12]
15:50:01.915 ConfigurationData.testMailServer: IMAP4 Server NOT available [12]
-----------> ConfigurationData.testMailServer: No active Mail Server [12]
-----------> ConfigurationData.testMail: Not verified EMail = info@ESVENPA01 [12]
15:50:01.942 Language.getLanguage: Adding Language=es, Country=VE, Locale=es_VE [13]
-----------> Ini.loadProperties: /home/vcappugi/workspace/Adempiere_370/install/build/Adempiere/Adempiere.properties not found [13]
15:50:01.944   Ini.loadProperties: /home/vcappugi/workspace/Adempiere_370/install/build/Adempiere/Adempiere.properties [13]
15:50:04.563 IniDialog.accept: License Accepted [13]
15:50:04.565 Ini.loadProperties: /home/vcappugi/workspace/Adempiere_370/install/build/Adempiere/Adempiere.properties #28 [13]
15:50:04.566 ConfigurationData.save: /home/vcappugi/workspace/Adempiere_370/install/build/Adempiere/AdempiereEnv.properties [13]
15:50:05.893 ConfigurationPanel.save: Starting Ant ...  [13]

*** 2014-10-22 15:51:58.012 Adempiere Log (CLogFile) ***
