*** 2014-10-22 15:53:01.02 Adempiere Log (CLogFile) ***
15:53:01.019 Adempiere.startup: ADempiere(r) Release 3.7.0.1LTS (VE)_2013-11-15 -ADEMPIERE ERP & CRM- (c) 1999-2014 ver:21102014 (r); Implementation: ${ADEMPIERE_VERSION} 20141022-1550 - ${ADEMPIERE_VENDOR}
15:53:01.032 Ini.loadProperties: /home/vcappugi/workspace/Adempiere_370/install/build/Adempiere/Adempiere.properties #29
-----------> EMail.setFrom: you @ company.org: javax.mail.internet.AddressException: Local address contains control or whitespace in string ``you @ company.org''
-----------> EMail.addTo: you @ company.org: javax.mail.internet.AddressException: Local address contains control or whitespace in string ``you @ company.org''
-----------> EMail.isValid: From is invalid=null
-----------> EMail.isValid: From is invalid=null
-----------> MClient.sendEMail: Could NOT Send Email: Server started: \ to you @ company.org: Invalid Data (System)
===========> Env.getContextAsDate: No value for: #Date
===========> Doc_Order.post: Resubmit - Cannot lock C_Order_ID=1008166, Force=false,RePost=false [11]
===========> Doc_Order.post: Resubmit - Cannot lock C_Order_ID=1008182, Force=false,RePost=false [11]
===========> Doc_Order.post: Resubmit - Cannot lock C_Order_ID=1008198, Force=false,RePost=false [11]
===========> Doc_Order.post: Resubmit - Cannot lock C_Order_ID=1008199, Force=false,RePost=false [11]
===========> Doc_Order.post: Resubmit - Cannot lock C_Order_ID=1008208, Force=false,RePost=false [11]
===========> Doc_Order.post: Resubmit - Cannot lock C_Order_ID=1008214, Force=false,RePost=false [11]
===========> Doc_Order.post: Resubmit - Cannot lock C_Order_ID=1008216, Force=false,RePost=false [11]
===========> Doc_Order.post: Resubmit - Cannot lock C_Order_ID=1008218, Force=false,RePost=false [11]
===========> Doc_Order.post: Resubmit - Cannot lock C_Order_ID=1008219, Force=false,RePost=false [11]
===========> Doc_Order.post: Resubmit - Cannot lock C_Order_ID=1008223, Force=false,RePost=false [11]
===========> Doc_Order.post: Resubmit - Cannot lock C_Order_ID=1008229, Force=false,RePost=false [11]
===========> Doc_Order.post: Resubmit - Cannot lock C_Order_ID=1008231, Force=false,RePost=false [11]
===========> Doc_Order.post: Resubmit - Cannot lock C_Order_ID=1008232, Force=false,RePost=false [11]
===========> Doc_Order.post: Resubmit - Cannot lock C_Order_ID=1008236, Force=false,RePost=false [11]
===========> Doc_Order.post: Resubmit - Cannot lock C_Order_ID=1008237, Force=false,RePost=false [11]
===========> Doc_Order.post: Resubmit - Cannot lock C_Order_ID=1008256, Force=false,RePost=false [11]
===========> Doc_Order.post: Resubmit - Cannot lock C_Order_ID=1008260, Force=false,RePost=false [11]
===========> Doc_Order.post: Resubmit - Cannot lock C_Order_ID=1008261, Force=false,RePost=false [11]
===========> Doc_Order.post: Resubmit - Cannot lock C_Order_ID=1008262, Force=false,RePost=false [11]
===========> Doc_Order.post: Resubmit - Cannot lock C_Order_ID=1008272, Force=false,RePost=false [11]
===========> Doc_Order.post: Resubmit - Cannot lock C_Order_ID=1008273, Force=false,RePost=false [11]
===========> Doc_Order.post: Resubmit - Cannot lock C_Order_ID=1008274, Force=false,RePost=false [11]
===========> Doc_Order.post: Resubmit - Cannot lock C_Order_ID=1008281, Force=false,RePost=false [11]
===========> Doc_Order.post: Resubmit - Cannot lock C_Order_ID=1008282, Force=false,RePost=false [11]
===========> Doc_Order.post: Resubmit - Cannot lock C_Order_ID=1008292, Force=false,RePost=false [11]
===========> Doc_Order.post: Resubmit - Cannot lock C_Order_ID=1008306, Force=false,RePost=false [11]
===========> Doc_Order.post: Resubmit - Cannot lock C_Order_ID=1008309, Force=false,RePost=false [11]
===========> Doc_Order.post: Resubmit - Cannot lock C_Order_ID=1008315, Force=false,RePost=false [11]
===========> Doc_Order.post: Resubmit - Cannot lock C_Order_ID=1008316, Force=false,RePost=false [11]
===========> Doc_Order.post: Resubmit - Cannot lock C_Order_ID=1008327, Force=false,RePost=false [11]
===========> Doc_Order.post: Resubmit - Cannot lock C_Order_ID=1008329, Force=false,RePost=false [11]
===========> Doc_Order.post: Resubmit - Cannot lock C_Order_ID=1008330, Force=false,RePost=false [11]
===========> Doc_Order.post: Resubmit - Cannot lock C_Order_ID=1008332, Force=false,RePost=false [11]
===========> Doc_Order.post: Resubmit - Cannot lock C_Order_ID=1008334, Force=false,RePost=false [11]
===========> Doc_Order.post: Resubmit - Cannot lock C_Order_ID=1008336, Force=false,RePost=false [11]
===========> Doc_Order.post: Resubmit - Cannot lock C_Order_ID=1008340, Force=false,RePost=false [11]
===========> Doc_Order.post: Resubmit - Cannot lock C_Order_ID=1008341, Force=false,RePost=false [11]
===========> Doc_Order.post: Resubmit - Cannot lock C_Order_ID=1008343, Force=false,RePost=false [11]
===========> Doc_Order.post: Resubmit - Cannot lock C_Order_ID=1008345, Force=false,RePost=false [11]
===========> Doc_Order.post: Resubmit - Cannot lock C_Order_ID=1008346, Force=false,RePost=false [11]
===========> Doc_Order.post: Resubmit - Cannot lock C_Order_ID=1008347, Force=false,RePost=false [11]
===========> Doc_Order.post: Resubmit - Cannot lock C_Order_ID=1008352, Force=false,RePost=false [11]
===========> Doc_Order.post: Resubmit - Cannot lock C_Order_ID=1008361, Force=false,RePost=false [11]
===========> Doc_Order.post: Resubmit - Cannot lock C_Order_ID=1008373, Force=false,RePost=false [11]
===========> Doc_Order.post: Resubmit - Cannot lock C_Order_ID=1008374, Force=false,RePost=false [11]
===========> Doc_Order.post: Resubmit - Cannot lock C_Order_ID=1008378, Force=false,RePost=false [11]
===========> Doc_Order.post: Resubmit - Cannot lock C_Order_ID=1008379, Force=false,RePost=false [11]
===========> Doc_Order.post: Resubmit - Cannot lock C_Order_ID=1008382, Force=false,RePost=false [11]
===========> Doc_Order.post: Resubmit - Cannot lock C_Order_ID=1008383, Force=false,RePost=false [11]
===========> Doc_Order.post: Resubmit - Cannot lock C_Order_ID=1008384, Force=false,RePost=false [11]
===========> Doc_Order.post: Resubmit - Cannot lock C_Order_ID=1008388, Force=false,RePost=false [11]
===========> Doc_Order.post: Resubmit - Cannot lock C_Order_ID=1008389, Force=false,RePost=false [11]
===========> Doc_Order.post: Resubmit - Cannot lock C_Order_ID=1008395, Force=false,RePost=false [11]
===========> Doc_Order.post: Resubmit - Cannot lock C_Order_ID=1008439, Force=false,RePost=false [11]
===========> Doc_Order.post: Resubmit - Cannot lock C_Order_ID=1008440, Force=false,RePost=false [11]
===========> Doc_Order.post: Resubmit - Cannot lock C_Order_ID=1008441, Force=false,RePost=false [11]
===========> Doc_Order.post: Resubmit - Cannot lock C_Order_ID=1008442, Force=false,RePost=false [11]
===========> Doc_Order.post: Resubmit - Cannot lock C_Order_ID=1008443, Force=false,RePost=false [11]
===========> Doc_Order.post: Resubmit - Cannot lock C_Order_ID=1008445, Force=false,RePost=false [11]
===========> Doc_Order.post: Resubmit - Cannot lock C_Order_ID=1008447, Force=false,RePost=false [11]
===========> Doc_Order.post: Resubmit - Cannot lock C_Order_ID=1008448, Force=false,RePost=false [11]
===========> Doc_Order.post: Resubmit - Cannot lock C_Order_ID=1008450, Force=false,RePost=false [11]
===========> Doc_Order.post: Resubmit - Cannot lock C_Order_ID=1008451, Force=false,RePost=false [11]
===========> Doc_Order.post: Resubmit - Cannot lock C_Order_ID=1008456, Force=false,RePost=false [11]
===========> Doc_Order.post: Resubmit - Cannot lock C_Order_ID=1008457, Force=false,RePost=false [11]
===========> Doc_Order.post: Resubmit - Cannot lock C_Order_ID=1008460, Force=false,RePost=false [11]
===========> Doc_Order.post: Resubmit - Cannot lock C_Order_ID=1008480, Force=false,RePost=false [11]
===========> Doc_Order.post: Resubmit - Cannot lock C_Order_ID=1008481, Force=false,RePost=false [11]
===========> Doc_Order.post: Resubmit - Cannot lock C_Order_ID=1008483, Force=false,RePost=false [11]
===========> Doc_Order.post: Resubmit - Cannot lock C_Order_ID=1008485, Force=false,RePost=false [11]
===========> Doc_Order.post: Resubmit - Cannot lock C_Order_ID=1008486, Force=false,RePost=false [11]
===========> Doc_Order.post: Resubmit - Cannot lock C_Order_ID=1008502, Force=false,RePost=false [11]
===========> Doc_Order.post: Resubmit - Cannot lock C_Order_ID=1008511, Force=false,RePost=false [11]
===========> Doc_Order.post: Resubmit - Cannot lock C_Order_ID=1008512, Force=false,RePost=false [11]
===========> Doc_Order.post: Resubmit - Cannot lock C_Order_ID=1008515, Force=false,RePost=false [11]
===========> Doc_Order.post: Resubmit - Cannot lock C_Order_ID=1008525, Force=false,RePost=false [11]
===========> Doc_Order.post: Resubmit - Cannot lock C_Order_ID=1008534, Force=false,RePost=false [11]
===========> Doc_Order.post: Resubmit - Cannot lock C_Order_ID=1008535, Force=false,RePost=false [11]
===========> Doc_Order.post: Resubmit - Cannot lock C_Order_ID=1008537, Force=false,RePost=false [11]
===========> Doc_Order.post: Resubmit - Cannot lock C_Order_ID=1008538, Force=false,RePost=false [11]
===========> Doc_Order.post: Resubmit - Cannot lock C_Order_ID=1008540, Force=false,RePost=false [11]
===========> Doc_Order.post: Resubmit - Cannot lock C_Order_ID=1008546, Force=false,RePost=false [11]
===========> Doc_Order.post: Resubmit - Cannot lock C_Order_ID=1008570, Force=false,RePost=false [11]
===========> Doc_Order.post: Resubmit - Cannot lock C_Order_ID=1008575, Force=false,RePost=false [11]
===========> Doc_Order.post: Resubmit - Cannot lock C_Order_ID=1008576, Force=false,RePost=false [11]
===========> Doc_Order.post: Resubmit - Cannot lock C_Order_ID=1008577, Force=false,RePost=false [11]
===========> Doc_Order.post: Resubmit - Cannot lock C_Order_ID=1008631, Force=false,RePost=false [11]
===========> Doc_Order.post: Resubmit - Cannot lock C_Order_ID=1008633, Force=false,RePost=false [11]
===========> Doc_Order.post: Resubmit - Cannot lock C_Order_ID=1008635, Force=false,RePost=false [11]
===========> Doc_Order.post: Resubmit - Cannot lock C_Order_ID=1008636, Force=false,RePost=false [11]
===========> Doc_Order.post: Resubmit - Cannot lock C_Order_ID=1008645, Force=false,RePost=false [11]
===========> Doc_Order.post: Resubmit - Cannot lock C_Order_ID=1008646, Force=false,RePost=false [11]
===========> Doc_Order.post: Resubmit - Cannot lock C_Order_ID=1008647, Force=false,RePost=false [11]
===========> Doc_Order.post: Resubmit - Cannot lock C_Order_ID=1008648, Force=false,RePost=false [11]
===========> Doc_Order.post: Resubmit - Cannot lock C_Order_ID=1008649, Force=false,RePost=false [11]
===========> Doc_Order.post: Resubmit - Cannot lock C_Order_ID=1008650, Force=false,RePost=false [11]
===========> Doc_Order.post: Resubmit - Cannot lock C_Order_ID=1008651, Force=false,RePost=false [11]
===========> Doc_Order.post: Resubmit - Cannot lock C_Order_ID=1008652, Force=false,RePost=false [11]
===========> Doc_Order.post: Resubmit - Cannot lock C_Order_ID=1008653, Force=false,RePost=false [11]
===========> Doc_Order.post: Resubmit - Cannot lock C_Order_ID=1008654, Force=false,RePost=false [11]
===========> Doc_Order.post: Resubmit - Cannot lock C_Order_ID=1008656, Force=false,RePost=false [11]
===========> Doc_Order.post: Resubmit - Cannot lock C_Order_ID=1008657, Force=false,RePost=false [11]
===========> Doc_Order.post: Resubmit - Cannot lock C_Order_ID=1008658, Force=false,RePost=false [11]
===========> Doc_Order.post: Resubmit - Cannot lock C_Order_ID=1008659, Force=false,RePost=false [11]
===========> Doc_Order.post: Resubmit - Cannot lock C_Order_ID=1008660, Force=false,RePost=false [11]
===========> Doc_Order.post: Resubmit - Cannot lock C_Order_ID=1008661, Force=false,RePost=false [11]
===========> Doc_Order.post: Resubmit - Cannot lock C_Order_ID=1008662, Force=false,RePost=false [11]
===========> Doc_Order.post: Resubmit - Cannot lock C_Order_ID=1008664, Force=false,RePost=false [11]
===========> Doc_Order.post: Resubmit - Cannot lock C_Order_ID=1008665, Force=false,RePost=false [11]
===========> Doc_Order.post: Resubmit - Cannot lock C_Order_ID=1008666, Force=false,RePost=false [11]
===========> Doc_Order.post: Resubmit - Cannot lock C_Order_ID=1008667, Force=false,RePost=false [11]
===========> Doc_Order.post: Resubmit - Cannot lock C_Order_ID=1008668, Force=false,RePost=false [11]
===========> Doc_Order.post: Resubmit - Cannot lock C_Order_ID=1008669, Force=false,RePost=false [11]
===========> Doc_Order.post: Resubmit - Cannot lock C_Order_ID=1008670, Force=false,RePost=false [11]
===========> Doc_Order.post: Resubmit - Cannot lock C_Order_ID=1008671, Force=false,RePost=false [11]
===========> Doc_Order.post: Resubmit - Cannot lock C_Order_ID=1008672, Force=false,RePost=false [11]
===========> Doc_Order.post: Resubmit - Cannot lock C_Order_ID=1008673, Force=false,RePost=false [11]
===========> Doc_Order.post: Resubmit - Cannot lock C_Order_ID=1008674, Force=false,RePost=false [11]
===========> Doc_Order.post: Resubmit - Cannot lock C_Order_ID=1008675, Force=false,RePost=false [11]
===========> Doc_Order.post: Resubmit - Cannot lock C_Order_ID=1008676, Force=false,RePost=false [11]
===========> Doc_Order.post: Resubmit - Cannot lock C_Order_ID=1008677, Force=false,RePost=false [11]
===========> Doc_Order.post: Resubmit - Cannot lock C_Order_ID=1008678, Force=false,RePost=false [11]
===========> Doc_Order.post: Resubmit - Cannot lock C_Order_ID=1008679, Force=false,RePost=false [11]
===========> Doc_Order.post: Resubmit - Cannot lock C_Order_ID=1008680, Force=false,RePost=false [11]
===========> Doc_Order.post: Resubmit - Cannot lock C_Order_ID=1008683, Force=false,RePost=false [11]
===========> Doc_Order.post: Resubmit - Cannot lock C_Order_ID=1008692, Force=false,RePost=false [11]
===========> Doc_Order.post: Resubmit - Cannot lock C_Order_ID=1008695, Force=false,RePost=false [11]
===========> Doc_Order.post: Resubmit - Cannot lock C_Order_ID=1008696, Force=false,RePost=false [11]
===========> Doc_Order.post: Resubmit - Cannot lock C_Order_ID=1008698, Force=false,RePost=false [11]
===========> Doc_Order.post: Resubmit - Cannot lock C_Order_ID=1008699, Force=false,RePost=false [11]
===========> Doc_Order.post: Resubmit - Cannot lock C_Order_ID=1008700, Force=false,RePost=false [11]
===========> Doc_Order.post: Resubmit - Cannot lock C_Order_ID=1008701, Force=false,RePost=false [11]
===========> Doc_Order.post: Resubmit - Cannot lock C_Order_ID=1008703, Force=false,RePost=false [11]
===========> Doc_Order.post: Resubmit - Cannot lock C_Order_ID=1008704, Force=false,RePost=false [11]
===========> Doc_Order.post: Resubmit - Cannot lock C_Order_ID=1008705, Force=false,RePost=false [11]
===========> Doc_Order.post: Resubmit - Cannot lock C_Order_ID=1008706, Force=false,RePost=false [11]
===========> Doc_Order.post: Resubmit - Cannot lock C_Order_ID=1008707, Force=false,RePost=false [11]
===========> Doc_Order.post: Resubmit - Cannot lock C_Order_ID=1008708, Force=false,RePost=false [11]
===========> Doc_Order.post: Resubmit - Cannot lock C_Order_ID=1008709, Force=false,RePost=false [11]
===========> Doc_Order.post: Resubmit - Cannot lock C_Order_ID=1008711, Force=false,RePost=false [11]
===========> Doc_Order.post: Resubmit - Cannot lock C_Order_ID=1008712, Force=false,RePost=false [11]
===========> Doc_Order.post: Resubmit - Cannot lock C_Order_ID=1008715, Force=false,RePost=false [11]
===========> Doc_Order.post: Resubmit - Cannot lock C_Order_ID=1008716, Force=false,RePost=false [11]
===========> Doc_Order.post: Resubmit - Cannot lock C_Order_ID=1008717, Force=false,RePost=false [11]
===========> Doc_Order.post: Resubmit - Cannot lock C_Order_ID=1008718, Force=false,RePost=false [11]
===========> Doc_Order.post: Resubmit - Cannot lock C_Order_ID=1008720, Force=false,RePost=false [11]
===========> Doc_Order.post: Resubmit - Cannot lock C_Order_ID=1008722, Force=false,RePost=false [11]
===========> Doc_Order.post: Resubmit - Cannot lock C_Order_ID=1008723, Force=false,RePost=false [11]
===========> Doc_Order.post: Resubmit - Cannot lock C_Order_ID=1008724, Force=false,RePost=false [11]
===========> Doc_Order.post: Resubmit - Cannot lock C_Order_ID=1008725, Force=false,RePost=false [11]
===========> Doc_Order.post: Resubmit - Cannot lock C_Order_ID=1008726, Force=false,RePost=false [11]
===========> Doc_Order.post: Resubmit - Cannot lock C_Order_ID=1008727, Force=false,RePost=false [11]
===========> Doc_Order.post: Resubmit - Cannot lock C_Order_ID=1008728, Force=false,RePost=false [11]
===========> Doc_Order.post: Resubmit - Cannot lock C_Order_ID=1008729, Force=false,RePost=false [11]
===========> Doc_Order.post: Resubmit - Cannot lock C_Order_ID=1008730, Force=false,RePost=false [11]
===========> Doc_Order.post: Resubmit - Cannot lock C_Order_ID=1008731, Force=false,RePost=false [11]
===========> Doc_Order.post: Resubmit - Cannot lock C_Order_ID=1008733, Force=false,RePost=false [11]
===========> Doc_Order.post: Resubmit - Cannot lock C_Order_ID=1008734, Force=false,RePost=false [11]
===========> Doc_Order.post: Resubmit - Cannot lock C_Order_ID=1008735, Force=false,RePost=false [11]
===========> Doc_Order.post: Resubmit - Cannot lock C_Order_ID=1008736, Force=false,RePost=false [11]
===========> Doc_Order.post: Resubmit - Cannot lock C_Order_ID=1008737, Force=false,RePost=false [11]
===========> Doc_Order.post: Resubmit - Cannot lock C_Order_ID=1008739, Force=false,RePost=false [11]
===========> Doc_Order.post: Resubmit - Cannot lock C_Order_ID=1008740, Force=false,RePost=false [11]
===========> Doc_Order.post: Resubmit - Cannot lock C_Order_ID=1008742, Force=false,RePost=false [11]
===========> Doc_Order.post: Resubmit - Cannot lock C_Order_ID=1008744, Force=false,RePost=false [11]
===========> Doc_Order.post: Resubmit - Cannot lock C_Order_ID=1008745, Force=false,RePost=false [11]
===========> Doc_Order.post: Resubmit - Cannot lock C_Order_ID=1008746, Force=false,RePost=false [11]
===========> Doc_Order.post: Resubmit - Cannot lock C_Order_ID=1008747, Force=false,RePost=false [11]
===========> Doc_Order.post: Resubmit - Cannot lock C_Order_ID=1008748, Force=false,RePost=false [11]
===========> Doc_Order.post: Resubmit - Cannot lock C_Order_ID=1008750, Force=false,RePost=false [11]
===========> Doc_Order.post: Resubmit - Cannot lock C_Order_ID=1008751, Force=false,RePost=false [11]
===========> Doc_Order.post: Resubmit - Cannot lock C_Order_ID=1008752, Force=false,RePost=false [11]
===========> Doc_Order.post: Resubmit - Cannot lock C_Order_ID=1008753, Force=false,RePost=false [11]
===========> Doc_Order.post: Resubmit - Cannot lock C_Order_ID=1008754, Force=false,RePost=false [11]
===========> Doc_Order.post: Resubmit - Cannot lock C_Order_ID=1008755, Force=false,RePost=false [11]
===========> Doc_Order.post: Resubmit - Cannot lock C_Order_ID=1008756, Force=false,RePost=false [11]
===========> Doc_Order.post: Resubmit - Cannot lock C_Order_ID=1008758, Force=false,RePost=false [11]
===========> Doc_Order.post: Resubmit - Cannot lock C_Order_ID=1008759, Force=false,RePost=false [11]
===========> Doc_Order.post: Resubmit - Cannot lock C_Order_ID=1008762, Force=false,RePost=false [11]
===========> Doc_Order.post: Resubmit - Cannot lock C_Order_ID=1008763, Force=false,RePost=false [11]
===========> Doc_Order.post: Resubmit - Cannot lock C_Order_ID=1008764, Force=false,RePost=false [11]
===========> Doc_Order.post: Resubmit - Cannot lock C_Order_ID=1008768, Force=false,RePost=false [11]
===========> Doc_Order.post: Resubmit - Cannot lock C_Order_ID=1008769, Force=false,RePost=false [11]
===========> Doc_Order.post: Resubmit - Cannot lock C_Order_ID=1008771, Force=false,RePost=false [11]
===========> Doc_Order.post: Resubmit - Cannot lock C_Order_ID=1008775, Force=false,RePost=false [11]
===========> Doc_Order.post: Resubmit - Cannot lock C_Order_ID=1008776, Force=false,RePost=false [11]
===========> Doc_Order.post: Resubmit - Cannot lock C_Order_ID=1008777, Force=false,RePost=false [11]
===========> Doc_Order.post: Resubmit - Cannot lock C_Order_ID=1008778, Force=false,RePost=false [11]
===========> Doc_Order.post: Resubmit - Cannot lock C_Order_ID=1008779, Force=false,RePost=false [11]
===========> Doc_Order.post: Resubmit - Cannot lock C_Order_ID=1008780, Force=false,RePost=false [11]
===========> Doc_Order.post: Resubmit - Cannot lock C_Order_ID=1008781, Force=false,RePost=false [11]
===========> Doc_Order.post: Resubmit - Cannot lock C_Order_ID=1008782, Force=false,RePost=false [11]
===========> Doc_Order.post: Resubmit - Cannot lock C_Order_ID=1008783, Force=false,RePost=false [11]
===========> Doc_Order.post: Resubmit - Cannot lock C_Order_ID=1008784, Force=false,RePost=false [11]
===========> Doc_Order.post: Resubmit - Cannot lock C_Order_ID=1008785, Force=false,RePost=false [11]
===========> Doc_Order.post: Resubmit - Cannot lock C_Order_ID=1008786, Force=false,RePost=false [11]
===========> Doc_Order.post: Resubmit - Cannot lock C_Order_ID=1008787, Force=false,RePost=false [11]
===========> Doc_Order.post: Resubmit - Cannot lock C_Order_ID=1008788, Force=false,RePost=false [11]
===========> Doc_Order.post: Resubmit - Cannot lock C_Order_ID=1008789, Force=false,RePost=false [11]
===========> Doc_Order.post: Resubmit - Cannot lock C_Order_ID=1008791, Force=false,RePost=false [11]
===========> Doc_Order.post: Resubmit - Cannot lock C_Order_ID=1008792, Force=false,RePost=false [11]
===========> Doc_Order.post: Resubmit - Cannot lock C_Order_ID=1008793, Force=false,RePost=false [11]
===========> Doc_Order.post: Resubmit - Cannot lock C_Order_ID=1008794, Force=false,RePost=false [11]
===========> Doc_Order.post: Resubmit - Cannot lock C_Order_ID=1008795, Force=false,RePost=false [11]
===========> Doc_Order.post: Resubmit - Cannot lock C_Order_ID=1008796, Force=false,RePost=false [11]
===========> Doc_Order.post: Resubmit - Cannot lock C_Order_ID=1008797, Force=false,RePost=false [11]
===========> Doc_Order.post: Resubmit - Cannot lock C_Order_ID=1008798, Force=false,RePost=false [11]
===========> Doc_Order.post: Resubmit - Cannot lock C_Order_ID=1008799, Force=false,RePost=false [11]
===========> Doc_Order.post: Resubmit - Cannot lock C_Order_ID=1008800, Force=false,RePost=false [11]
===========> Doc_Order.post: Resubmit - Cannot lock C_Order_ID=1008801, Force=false,RePost=false [11]
===========> Doc_Order.post: Resubmit - Cannot lock C_Order_ID=1008802, Force=false,RePost=false [11]
===========> Doc_Order.post: Resubmit - Cannot lock C_Order_ID=1008803, Force=false,RePost=false [11]
===========> Doc_Order.post: Resubmit - Cannot lock C_Order_ID=1008805, Force=false,RePost=false [11]
===========> Doc_Order.post: Resubmit - Cannot lock C_Order_ID=1008806, Force=false,RePost=false [11]
===========> Doc_Order.post: Resubmit - Cannot lock C_Order_ID=1008807, Force=false,RePost=false [11]
===========> Doc_Order.post: Resubmit - Cannot lock C_Order_ID=1008808, Force=false,RePost=false [11]
===========> Doc_Order.post: Resubmit - Cannot lock C_Order_ID=1008809, Force=false,RePost=false [11]
===========> Doc_Order.post: Resubmit - Cannot lock C_Order_ID=1008810, Force=false,RePost=false [11]
===========> Doc_Order.post: Resubmit - Cannot lock C_Order_ID=1008811, Force=false,RePost=false [11]
===========> Doc_Order.post: Resubmit - Cannot lock C_Order_ID=1008812, Force=false,RePost=false [11]
===========> Doc_Order.post: Resubmit - Cannot lock C_Order_ID=1008813, Force=false,RePost=false [11]
===========> Doc_Order.post: Resubmit - Cannot lock C_Order_ID=1008814, Force=false,RePost=false [11]
===========> Doc_Order.post: Resubmit - Cannot lock C_Order_ID=1008815, Force=false,RePost=false [11]
===========> Doc_Order.post: Resubmit - Cannot lock C_Order_ID=1008816, Force=false,RePost=false [11]
===========> Doc_Order.post: Resubmit - Cannot lock C_Order_ID=1008820, Force=false,RePost=false [11]
===========> Doc_Order.post: Resubmit - Cannot lock C_Order_ID=1008821, Force=false,RePost=false [11]
===========> Doc_Order.post: Resubmit - Cannot lock C_Order_ID=1008822, Force=false,RePost=false [11]
===========> Doc_Order.post: Resubmit - Cannot lock C_Order_ID=1008823, Force=false,RePost=false [11]
===========> Doc_Order.post: Resubmit - Cannot lock C_Order_ID=1008824, Force=false,RePost=false [11]
===========> Doc_Order.post: Resubmit - Cannot lock C_Order_ID=1008825, Force=false,RePost=false [11]
===========> Doc_Order.post: Resubmit - Cannot lock C_Order_ID=1008826, Force=false,RePost=false [11]
===========> Doc_Order.post: Resubmit - Cannot lock C_Order_ID=1008827, Force=false,RePost=false [11]
===========> Doc_Order.post: Resubmit - Cannot lock C_Order_ID=1008828, Force=false,RePost=false [11]
===========> Doc_Order.post: Resubmit - Cannot lock C_Order_ID=1008829, Force=false,RePost=false [11]
===========> Doc_Order.post: Resubmit - Cannot lock C_Order_ID=1008830, Force=false,RePost=false [11]
===========> Doc_Order.post: Resubmit - Cannot lock C_Order_ID=1008831, Force=false,RePost=false [11]
===========> Doc_Order.post: Resubmit - Cannot lock C_Order_ID=1008832, Force=false,RePost=false [11]
===========> Doc_Order.post: Resubmit - Cannot lock C_Order_ID=1008833, Force=false,RePost=false [11]
===========> Doc_Order.post: Resubmit - Cannot lock C_Order_ID=1008834, Force=false,RePost=false [11]
===========> Doc_Order.post: Resubmit - Cannot lock C_Order_ID=1008835, Force=false,RePost=false [11]
===========> Doc_Order.post: Resubmit - Cannot lock C_Order_ID=1008836, Force=false,RePost=false [11]
===========> Doc_Order.post: Resubmit - Cannot lock C_Order_ID=1008837, Force=false,RePost=false [11]
===========> Doc_Order.post: Resubmit - Cannot lock C_Order_ID=1008838, Force=false,RePost=false [11]
===========> Doc_Order.post: Resubmit - Cannot lock C_Order_ID=1008839, Force=false,RePost=false [11]
===========> Doc_Order.post: Resubmit - Cannot lock C_Order_ID=1008840, Force=false,RePost=false [11]
===========> Doc_Order.post: Resubmit - Cannot lock C_Order_ID=1008851, Force=false,RePost=false [11]
===========> Doc_Order.post: Resubmit - Cannot lock C_Order_ID=1008852, Force=false,RePost=false [11]
===========> Doc_Order.post: Resubmit - Cannot lock C_Order_ID=1008853, Force=false,RePost=false [11]
===========> Doc_Order.post: Resubmit - Cannot lock C_Order_ID=1008854, Force=false,RePost=false [11]
===========> Doc_Order.post: Resubmit - Cannot lock C_Order_ID=1008855, Force=false,RePost=false [11]
===========> Doc_Order.post: Resubmit - Cannot lock C_Order_ID=1008856, Force=false,RePost=false [11]
===========> Doc_Order.post: Resubmit - Cannot lock C_Order_ID=1008857, Force=false,RePost=false [11]
===========> Doc_Order.post: Resubmit - Cannot lock C_Order_ID=1008858, Force=false,RePost=false [11]
===========> Doc_Order.post: Resubmit - Cannot lock C_Order_ID=1008859, Force=false,RePost=false [11]
===========> Doc_Order.post: Resubmit - Cannot lock C_Order_ID=1008860, Force=false,RePost=false [11]
===========> Doc_Order.post: Resubmit - Cannot lock C_Order_ID=1008861, Force=false,RePost=false [11]
===========> Doc_Order.post: Resubmit - Cannot lock C_Order_ID=1008862, Force=false,RePost=false [11]
===========> Doc_Order.post: Resubmit - Cannot lock C_Order_ID=1008863, Force=false,RePost=false [11]
===========> Doc_Order.post: Resubmit - Cannot lock C_Order_ID=1008864, Force=false,RePost=false [11]
===========> Doc_Order.post: Resubmit - Cannot lock C_Order_ID=1008865, Force=false,RePost=false [11]
===========> Doc_Order.post: Resubmit - Cannot lock C_Order_ID=1008866, Force=false,RePost=false [11]
===========> Doc_Order.post: Resubmit - Cannot lock C_Order_ID=1008867, Force=false,RePost=false [11]
===========> Doc_Order.post: Resubmit - Cannot lock C_Order_ID=1008868, Force=false,RePost=false [11]
===========> Doc_Order.post: Resubmit - Cannot lock C_Order_ID=1008869, Force=false,RePost=false [11]
===========> Doc_Order.post: Resubmit - Cannot lock C_Order_ID=1008870, Force=false,RePost=false [11]
===========> Doc_Order.post: Resubmit - Cannot lock C_Order_ID=1008871, Force=false,RePost=false [11]
===========> Doc_Order.post: Resubmit - Cannot lock C_Order_ID=1008872, Force=false,RePost=false [11]
===========> Doc_Order.post: Resubmit - Cannot lock C_Order_ID=1008873, Force=false,RePost=false [11]
===========> Doc_Order.post: Resubmit - Cannot lock C_Order_ID=1008874, Force=false,RePost=false [11]
===========> Doc_Order.post: Resubmit - Cannot lock C_Order_ID=1008875, Force=false,RePost=false [11]
===========> Doc_Order.post: Resubmit - Cannot lock C_Order_ID=1008876, Force=false,RePost=false [11]
===========> Doc_Order.post: Resubmit - Cannot lock C_Order_ID=1008877, Force=false,RePost=false [11]
===========> Doc_Order.post: Resubmit - Cannot lock C_Order_ID=1008879, Force=false,RePost=false [11]
===========> Doc_Order.post: Resubmit - Cannot lock C_Order_ID=1008880, Force=false,RePost=false [11]
===========> Doc_Order.post: Resubmit - Cannot lock C_Order_ID=1008887, Force=false,RePost=false [11]
===========> Doc_Order.post: Resubmit - Cannot lock C_Order_ID=1008917, Force=false,RePost=false [11]
===========> Doc_Requisition.post: Resubmit - Cannot lock M_Requisition_ID=1009008, Force=false,RePost=false [11]
===========> Doc_Requisition.post: Resubmit - Cannot lock M_Requisition_ID=1001056, Force=false,RePost=false [11]
===========> Doc_AllocationHdr.post: Resubmit - Cannot lock C_AllocationHdr_ID=1001095, Force=false,RePost=false [11]
===========> Doc_AllocationHdr.post: Resubmit - Cannot lock C_AllocationHdr_ID=1001097, Force=false,RePost=false [11]
===========> Doc_AllocationHdr.post: Resubmit - Cannot lock C_AllocationHdr_ID=1001100, Force=false,RePost=false [11]
===========> Doc_AllocationHdr.post: Resubmit - Cannot lock C_AllocationHdr_ID=1001104, Force=false,RePost=false [11]
===========> Doc_AllocationHdr.post: Resubmit - Cannot lock C_AllocationHdr_ID=1001147, Force=false,RePost=false [11]
===========> Doc_AllocationHdr.post: Resubmit - Cannot lock C_AllocationHdr_ID=1001159, Force=false,RePost=false [11]
===========> Doc_AllocationHdr.post: Resubmit - Cannot lock C_AllocationHdr_ID=1001174, Force=false,RePost=false [11]
===========> Doc_AllocationHdr.post: Resubmit - Cannot lock C_AllocationHdr_ID=1001184, Force=false,RePost=false [11]
===========> Doc_AllocationHdr.post: Resubmit - Cannot lock C_AllocationHdr_ID=1001197, Force=false,RePost=false [11]
===========> Doc_AllocationHdr.post: Resubmit - Cannot lock C_AllocationHdr_ID=1001207, Force=false,RePost=false [11]
===========> Doc_AllocationHdr.post: Resubmit - Cannot lock C_AllocationHdr_ID=1001295, Force=false,RePost=false [11]
===========> Doc_AllocationHdr.post: Resubmit - Cannot lock C_AllocationHdr_ID=1001297, Force=false,RePost=false [11]
===========> Doc_AllocationHdr.post: Resubmit - Cannot lock C_AllocationHdr_ID=1001302, Force=false,RePost=false [11]
===========> Doc_AllocationHdr.post: Resubmit - Cannot lock C_AllocationHdr_ID=1001303, Force=false,RePost=false [11]
===========> Doc_AllocationHdr.post: Resubmit - Cannot lock C_AllocationHdr_ID=1001305, Force=false,RePost=false [11]
===========> Doc_AllocationHdr.post: Resubmit - Cannot lock C_AllocationHdr_ID=1001310, Force=false,RePost=false [11]
===========> Doc_AllocationHdr.post: Resubmit - Cannot lock C_AllocationHdr_ID=1001341, Force=false,RePost=false [11]
===========> Doc_AllocationHdr.post: Resubmit - Cannot lock C_AllocationHdr_ID=1001358, Force=false,RePost=false [11]
===========> Doc_AllocationHdr.post: Resubmit - Cannot lock C_AllocationHdr_ID=1001418, Force=false,RePost=false [11]
===========> Doc_AllocationHdr.post: Resubmit - Cannot lock C_AllocationHdr_ID=1001422, Force=false,RePost=false [11]
===========> Doc_AllocationHdr.post: Resubmit - Cannot lock C_AllocationHdr_ID=1001426, Force=false,RePost=false [11]
===========> Doc_AllocationHdr.post: Resubmit - Cannot lock C_AllocationHdr_ID=1001445, Force=false,RePost=false [11]
===========> Doc_AllocationHdr.post: Resubmit - Cannot lock C_AllocationHdr_ID=1001446, Force=false,RePost=false [11]
===========> Doc_AllocationHdr.post: Resubmit - Cannot lock C_AllocationHdr_ID=1001447, Force=false,RePost=false [11]
===========> Doc_AllocationHdr.post: Resubmit - Cannot lock C_AllocationHdr_ID=1001448, Force=false,RePost=false [11]
===========> Doc_AllocationHdr.post: Resubmit - Cannot lock C_AllocationHdr_ID=1001449, Force=false,RePost=false [11]
===========> Doc_AllocationHdr.post: Resubmit - Cannot lock C_AllocationHdr_ID=1001450, Force=false,RePost=false [11]
===========> Doc_AllocationHdr.post: Resubmit - Cannot lock C_AllocationHdr_ID=1001498, Force=false,RePost=false [11]
===========> Doc_AllocationHdr.post: Resubmit - Cannot lock C_AllocationHdr_ID=1001522, Force=false,RePost=false [11]
===========> Doc_AllocationHdr.post: Resubmit - Cannot lock C_AllocationHdr_ID=1001528, Force=false,RePost=false [11]
===========> Doc_AllocationHdr.post: Resubmit - Cannot lock C_AllocationHdr_ID=1001534, Force=false,RePost=false [11]
===========> Doc_AllocationHdr.post: Resubmit - Cannot lock C_AllocationHdr_ID=1001539, Force=false,RePost=false [11]
===========> Doc_AllocationHdr.post: Resubmit - Cannot lock C_AllocationHdr_ID=1001561, Force=false,RePost=false [11]
===========> Doc_AllocationHdr.post: Resubmit - Cannot lock C_AllocationHdr_ID=1001590, Force=false,RePost=false [11]
===========> Doc_AllocationHdr.post: Resubmit - Cannot lock C_AllocationHdr_ID=1001594, Force=false,RePost=false [11]
===========> Doc_AllocationHdr.post: Resubmit - Cannot lock C_AllocationHdr_ID=1001602, Force=false,RePost=false [11]
===========> Doc_AllocationHdr.post: Resubmit - Cannot lock C_AllocationHdr_ID=1001621, Force=false,RePost=false [11]
===========> Doc_AllocationHdr.post: Resubmit - Cannot lock C_AllocationHdr_ID=1001629, Force=false,RePost=false [11]
===========> Doc_AllocationHdr.post: Resubmit - Cannot lock C_AllocationHdr_ID=1001650, Force=false,RePost=false [11]
===========> Doc_AllocationHdr.post: Resubmit - Cannot lock C_AllocationHdr_ID=1001652, Force=false,RePost=false [11]
===========> Doc_AllocationHdr.post: Resubmit - Cannot lock C_AllocationHdr_ID=1001653, Force=false,RePost=false [11]
===========> Doc_AllocationHdr.post: Resubmit - Cannot lock C_AllocationHdr_ID=1001669, Force=false,RePost=false [11]
===========> Doc_AllocationHdr.post: Resubmit - Cannot lock C_AllocationHdr_ID=1001670, Force=false,RePost=false [11]
===========> Doc_AllocationHdr.post: Resubmit - Cannot lock C_AllocationHdr_ID=1001676, Force=false,RePost=false [11]
===========> Doc_AllocationHdr.post: Resubmit - Cannot lock C_AllocationHdr_ID=1001677, Force=false,RePost=false [11]
===========> Doc_AllocationHdr.post: Resubmit - Cannot lock C_AllocationHdr_ID=1001681, Force=false,RePost=false [11]
===========> Doc_AllocationHdr.post: Resubmit - Cannot lock C_AllocationHdr_ID=1001688, Force=false,RePost=false [11]
===========> Doc_AllocationHdr.post: Resubmit - Cannot lock C_AllocationHdr_ID=1001689, Force=false,RePost=false [11]
===========> Doc_AllocationHdr.post: Resubmit - Cannot lock C_AllocationHdr_ID=1001691, Force=false,RePost=false [11]
===========> Doc_AllocationHdr.post: Resubmit - Cannot lock C_AllocationHdr_ID=1001692, Force=false,RePost=false [11]
===========> Doc_AllocationHdr.post: Resubmit - Cannot lock C_AllocationHdr_ID=1001709, Force=false,RePost=false [11]
===========> Doc_AllocationHdr.post: Resubmit - Cannot lock C_AllocationHdr_ID=1001715, Force=false,RePost=false [11]
===========> Doc_AllocationHdr.post: Resubmit - Cannot lock C_AllocationHdr_ID=1001720, Force=false,RePost=false [11]
===========> Doc_AllocationHdr.post: Resubmit - Cannot lock C_AllocationHdr_ID=1001728, Force=false,RePost=false [11]
===========> Doc_AllocationHdr.post: Resubmit - Cannot lock C_AllocationHdr_ID=1001730, Force=false,RePost=false [11]
===========> Doc_AllocationHdr.post: Resubmit - Cannot lock C_AllocationHdr_ID=1001734, Force=false,RePost=false [11]
===========> Doc_AllocationHdr.post: Resubmit - Cannot lock C_AllocationHdr_ID=1001735, Force=false,RePost=false [11]
===========> Doc_AllocationHdr.post: Resubmit - Cannot lock C_AllocationHdr_ID=1001739, Force=false,RePost=false [11]
===========> Doc_AllocationHdr.post: Resubmit - Cannot lock C_AllocationHdr_ID=1001740, Force=false,RePost=false [11]
===========> Doc_AllocationHdr.post: Resubmit - Cannot lock C_AllocationHdr_ID=1001741, Force=false,RePost=false [11]
===========> Doc_AllocationHdr.post: Resubmit - Cannot lock C_AllocationHdr_ID=1001742, Force=false,RePost=false [11]
===========> Doc_AllocationHdr.post: Resubmit - Cannot lock C_AllocationHdr_ID=1001744, Force=false,RePost=false [11]
-----------> EMail.setFrom: you @ company.org: javax.mail.internet.AddressException: Local address contains control or whitespace in string ``you @ company.org'' [12]
-----------> EMail.addTo: admin @ gardenworld.com: javax.mail.internet.AddressException: Local address contains control or whitespace in string ``admin @ gardenworld.com'' [12]
-----------> EMail.isValid: From is invalid=null [12]
-----------> EMail.isValid: From is invalid=null [12]
===========> Doc_AllocationHdr.post: Resubmit - Cannot lock C_AllocationHdr_ID=1001748, Force=false,RePost=false [11]
-----------> MClient.sendEmailNow: Could NOT Send Email: Inactivity Alert: Request 10000002 to admin @ gardenworld.com: Invalid Data (GardenWorld) [12]
===========> Doc_AllocationHdr.post: Resubmit - Cannot lock C_AllocationHdr_ID=1001752, Force=false,RePost=false [11]
===========> Doc_AllocationHdr.post: Resubmit - Cannot lock C_AllocationHdr_ID=1001758, Force=false,RePost=false [11]
===========> Doc_AllocationHdr.post: Resubmit - Cannot lock C_AllocationHdr_ID=1001761, Force=false,RePost=false [11]
===========> Doc_AllocationHdr.post: Resubmit - Cannot lock C_AllocationHdr_ID=1001763, Force=false,RePost=false [11]
===========> Doc_AllocationHdr.post: Resubmit - Cannot lock C_AllocationHdr_ID=1001771, Force=false,RePost=false [11]
===========> Doc_AllocationHdr.post: Resubmit - Cannot lock C_AllocationHdr_ID=1001776, Force=false,RePost=false [11]
===========> Doc_AllocationHdr.post: Resubmit - Cannot lock C_AllocationHdr_ID=1001778, Force=false,RePost=false [11]
===========> Doc_AllocationHdr.post: Resubmit - Cannot lock C_AllocationHdr_ID=1001780, Force=false,RePost=false [11]
===========> Doc_AllocationHdr.post: Resubmit - Cannot lock C_AllocationHdr_ID=1001781, Force=false,RePost=false [11]
===========> Doc_AllocationHdr.post: Resubmit - Cannot lock C_AllocationHdr_ID=1001783, Force=false,RePost=false [11]
===========> Doc_AllocationHdr.post: Resubmit - Cannot lock C_AllocationHdr_ID=1001790, Force=false,RePost=false [11]
===========> Doc_AllocationHdr.post: Resubmit - Cannot lock C_AllocationHdr_ID=1001791, Force=false,RePost=false [11]
===========> Doc_AllocationHdr.post: Resubmit - Cannot lock C_AllocationHdr_ID=1001792, Force=false,RePost=false [11]
===========> Doc_AllocationHdr.post: Resubmit - Cannot lock C_AllocationHdr_ID=1001793, Force=false,RePost=false [11]
===========> Doc_AllocationHdr.post: Resubmit - Cannot lock C_AllocationHdr_ID=1001796, Force=false,RePost=false [11]
===========> Doc_AllocationHdr.post: Resubmit - Cannot lock C_AllocationHdr_ID=1001799, Force=false,RePost=false [11]
===========> Doc_AllocationHdr.post: Resubmit - Cannot lock C_AllocationHdr_ID=1001808, Force=false,RePost=false [11]
===========> Doc_AllocationHdr.post: Resubmit - Cannot lock C_AllocationHdr_ID=1001819, Force=false,RePost=false [11]
===========> Doc_AllocationHdr.post: Resubmit - Cannot lock C_AllocationHdr_ID=1001820, Force=false,RePost=false [11]
===========> Doc_AllocationHdr.post: Resubmit - Cannot lock C_AllocationHdr_ID=1001823, Force=false,RePost=false [11]
===========> Doc_AllocationHdr.post: Resubmit - Cannot lock C_AllocationHdr_ID=1001824, Force=false,RePost=false [11]
===========> Doc_AllocationHdr.post: Resubmit - Cannot lock C_AllocationHdr_ID=1001825, Force=false,RePost=false [11]
===========> Doc_AllocationHdr.post: Resubmit - Cannot lock C_AllocationHdr_ID=1001836, Force=false,RePost=false [11]
===========> Doc_AllocationHdr.post: Resubmit - Cannot lock C_AllocationHdr_ID=1001838, Force=false,RePost=false [11]
===========> Doc_AllocationHdr.post: Resubmit - Cannot lock C_AllocationHdr_ID=1001843, Force=false,RePost=false [11]
===========> Doc_AllocationHdr.post: Resubmit - Cannot lock C_AllocationHdr_ID=1001844, Force=false,RePost=false [11]
===========> Doc_AllocationHdr.post: Resubmit - Cannot lock C_AllocationHdr_ID=1001848, Force=false,RePost=false [11]
===========> Doc_AllocationHdr.post: Resubmit - Cannot lock C_AllocationHdr_ID=1001849, Force=false,RePost=false [11]
===========> Doc_AllocationHdr.post: Resubmit - Cannot lock C_AllocationHdr_ID=1001851, Force=false,RePost=false [11]
===========> Doc_AllocationHdr.post: Resubmit - Cannot lock C_AllocationHdr_ID=1001852, Force=false,RePost=false [11]
===========> Doc_AllocationHdr.post: Resubmit - Cannot lock C_AllocationHdr_ID=1001853, Force=false,RePost=false [11]
===========> Doc_AllocationHdr.post: Resubmit - Cannot lock C_AllocationHdr_ID=1001855, Force=false,RePost=false [11]
===========> Doc_AllocationHdr.post: Resubmit - Cannot lock C_AllocationHdr_ID=1001857, Force=false,RePost=false [11]
===========> Doc_AllocationHdr.post: Resubmit - Cannot lock C_AllocationHdr_ID=1001858, Force=false,RePost=false [11]
===========> Doc_AllocationHdr.post: Resubmit - Cannot lock C_AllocationHdr_ID=1001859, Force=false,RePost=false [11]
===========> Doc_AllocationHdr.post: Resubmit - Cannot lock C_AllocationHdr_ID=1001861, Force=false,RePost=false [11]
===========> Doc_AllocationHdr.post: Resubmit - Cannot lock C_AllocationHdr_ID=1001862, Force=false,RePost=false [11]
===========> Doc_AllocationHdr.post: Resubmit - Cannot lock C_AllocationHdr_ID=1001863, Force=false,RePost=false [11]
===========> Doc_AllocationHdr.post: Resubmit - Cannot lock C_AllocationHdr_ID=1001865, Force=false,RePost=false [11]
===========> Doc_AllocationHdr.post: Resubmit - Cannot lock C_AllocationHdr_ID=1001867, Force=false,RePost=false [11]
===========> Doc_AllocationHdr.post: Resubmit - Cannot lock C_AllocationHdr_ID=1001869, Force=false,RePost=false [11]
===========> Doc_AllocationHdr.post: Resubmit - Cannot lock C_AllocationHdr_ID=1001874, Force=false,RePost=false [11]
===========> Doc_AllocationHdr.post: Resubmit - Cannot lock C_AllocationHdr_ID=1001876, Force=false,RePost=false [11]
===========> Doc_AllocationHdr.post: Resubmit - Cannot lock C_AllocationHdr_ID=1001879, Force=false,RePost=false [11]
===========> Doc_AllocationHdr.post: Resubmit - Cannot lock C_AllocationHdr_ID=1001881, Force=false,RePost=false [11]
===========> Doc_AllocationHdr.post: Resubmit - Cannot lock C_AllocationHdr_ID=1001883, Force=false,RePost=false [11]
===========> Doc_AllocationHdr.post: Resubmit - Cannot lock C_AllocationHdr_ID=1001886, Force=false,RePost=false [11]
===========> Doc_AllocationHdr.post: Resubmit - Cannot lock C_AllocationHdr_ID=1001889, Force=false,RePost=false [11]
===========> Doc_AllocationHdr.post: Resubmit - Cannot lock C_AllocationHdr_ID=1001914, Force=false,RePost=false [11]
===========> Doc_AllocationHdr.post: Resubmit - Cannot lock C_AllocationHdr_ID=1001915, Force=false,RePost=false [11]
===========> Doc_AllocationHdr.post: Resubmit - Cannot lock C_AllocationHdr_ID=1001920, Force=false,RePost=false [11]
===========> Doc_AllocationHdr.post: Resubmit - Cannot lock C_AllocationHdr_ID=1001984, Force=false,RePost=false [11]
===========> Doc_AllocationHdr.post: Resubmit - Cannot lock C_AllocationHdr_ID=1001985, Force=false,RePost=false [11]
===========> Doc_AllocationHdr.post: Resubmit - Cannot lock C_AllocationHdr_ID=1001986, Force=false,RePost=false [11]
===========> Doc_AllocationHdr.post: Resubmit - Cannot lock C_AllocationHdr_ID=1001988, Force=false,RePost=false [11]
===========> Doc_AllocationHdr.post: Resubmit - Cannot lock C_AllocationHdr_ID=1001989, Force=false,RePost=false [11]
===========> Doc_AllocationHdr.post: Resubmit - Cannot lock C_AllocationHdr_ID=1001999, Force=false,RePost=false [11]
===========> Doc_AllocationHdr.post: Resubmit - Cannot lock C_AllocationHdr_ID=1002016, Force=false,RePost=false [11]
===========> Doc_AllocationHdr.post: Resubmit - Cannot lock C_AllocationHdr_ID=1002019, Force=false,RePost=false [11]
===========> Doc_AllocationHdr.post: Resubmit - Cannot lock C_AllocationHdr_ID=1002062, Force=false,RePost=false [11]
===========> Doc_AllocationHdr.post: Resubmit - Cannot lock C_AllocationHdr_ID=1002063, Force=false,RePost=false [11]
===========> Doc_AllocationHdr.post: Resubmit - Cannot lock C_AllocationHdr_ID=1002064, Force=false,RePost=false [11]
===========> Doc_AllocationHdr.post: Resubmit - Cannot lock C_AllocationHdr_ID=1002065, Force=false,RePost=false [11]
===========> Doc_AllocationHdr.post: Resubmit - Cannot lock C_AllocationHdr_ID=1002066, Force=false,RePost=false [11]
===========> Doc_AllocationHdr.post: Resubmit - Cannot lock C_AllocationHdr_ID=1002067, Force=false,RePost=false [11]
===========> Doc_AllocationHdr.post: Resubmit - Cannot lock C_AllocationHdr_ID=1002068, Force=false,RePost=false [11]
===========> Doc_AllocationHdr.post: Resubmit - Cannot lock C_AllocationHdr_ID=1002069, Force=false,RePost=false [11]
===========> Doc_AllocationHdr.post: Resubmit - Cannot lock C_AllocationHdr_ID=1002070, Force=false,RePost=false [11]
===========> Doc_AllocationHdr.post: Resubmit - Cannot lock C_AllocationHdr_ID=1002071, Force=false,RePost=false [11]
===========> Doc_AllocationHdr.post: Resubmit - Cannot lock C_AllocationHdr_ID=1002072, Force=false,RePost=false [11]
===========> Doc_AllocationHdr.post: Resubmit - Cannot lock C_AllocationHdr_ID=1002073, Force=false,RePost=false [11]
===========> Doc_AllocationHdr.post: Resubmit - Cannot lock C_AllocationHdr_ID=1002076, Force=false,RePost=false [11]
===========> Doc_AllocationHdr.post: Resubmit - Cannot lock C_AllocationHdr_ID=1002078, Force=false,RePost=false [11]
===========> Doc_AllocationHdr.post: Resubmit - Cannot lock C_AllocationHdr_ID=1002079, Force=false,RePost=false [11]
===========> Doc_AllocationHdr.post: Resubmit - Cannot lock C_AllocationHdr_ID=1002080, Force=false,RePost=false [11]
===========> Doc_AllocationHdr.post: Resubmit - Cannot lock C_AllocationHdr_ID=1002154, Force=false,RePost=false [11]
===========> Doc_AllocationHdr.post: Resubmit - Cannot lock C_AllocationHdr_ID=1002158, Force=false,RePost=false [11]
===========> Doc_AllocationHdr.post: Resubmit - Cannot lock C_AllocationHdr_ID=1002161, Force=false,RePost=false [11]
===========> Doc_AllocationHdr.post: Resubmit - Cannot lock C_AllocationHdr_ID=1002163, Force=false,RePost=false [11]
===========> Doc_AllocationHdr.post: Resubmit - Cannot lock C_AllocationHdr_ID=1002165, Force=false,RePost=false [11]
===========> Doc_AllocationHdr.post: Resubmit - Cannot lock C_AllocationHdr_ID=1002168, Force=false,RePost=false [11]
===========> Doc_AllocationHdr.post: Resubmit - Cannot lock C_AllocationHdr_ID=1002205, Force=false,RePost=false [11]
===========> Doc_AllocationHdr.post: Resubmit - Cannot lock C_AllocationHdr_ID=1002208, Force=false,RePost=false [11]
===========> Doc_AllocationHdr.post: Resubmit - Cannot lock C_AllocationHdr_ID=1002211, Force=false,RePost=false [11]
===========> Doc_AllocationHdr.post: Resubmit - Cannot lock C_AllocationHdr_ID=1002216, Force=false,RePost=false [11]
===========> Doc_AllocationHdr.post: Resubmit - Cannot lock C_AllocationHdr_ID=1002242, Force=false,RePost=false [11]
===========> Doc_AllocationHdr.post: Resubmit - Cannot lock C_AllocationHdr_ID=1002252, Force=false,RePost=false [11]
===========> Doc_AllocationHdr.post: Resubmit - Cannot lock C_AllocationHdr_ID=1002254, Force=false,RePost=false [11]
===========> Doc_AllocationHdr.post: Resubmit - Cannot lock C_AllocationHdr_ID=1002278, Force=false,RePost=false [11]
===========> Doc_AllocationHdr.post: Resubmit - Cannot lock C_AllocationHdr_ID=1002280, Force=false,RePost=false [11]
===========> Doc_AllocationHdr.post: Resubmit - Cannot lock C_AllocationHdr_ID=1002290, Force=false,RePost=false [11]
===========> Doc_AllocationHdr.post: Resubmit - Cannot lock C_AllocationHdr_ID=1002292, Force=false,RePost=false [11]
===========> Doc_AllocationHdr.post: Resubmit - Cannot lock C_AllocationHdr_ID=1002304, Force=false,RePost=false [11]
===========> Doc_AllocationHdr.post: Resubmit - Cannot lock C_AllocationHdr_ID=1002309, Force=false,RePost=false [11]
===========> Doc_AllocationHdr.post: Resubmit - Cannot lock C_AllocationHdr_ID=1002312, Force=false,RePost=false [11]
===========> Doc_AllocationHdr.post: Resubmit - Cannot lock C_AllocationHdr_ID=1002317, Force=false,RePost=false [11]
===========> Doc_AllocationHdr.post: Resubmit - Cannot lock C_AllocationHdr_ID=1002318, Force=false,RePost=false [11]
===========> Doc_Order.post: Resubmit - Cannot lock C_Order_ID=1008804, Force=false,RePost=false [11]
-----------> ProcessUtil.startJavaProcess: @script:groovy:contab_orderLote [13]
java.lang.ClassNotFoundException: @script:groovy:contab_orderLote
	at org.apache.catalina.loader.WebappClassLoader.loadClass(WebappClassLoader.java:1358)
	at org.apache.catalina.loader.WebappClassLoader.loadClass(WebappClassLoader.java:1204)
	at org.adempiere.util.ProcessUtil.startJavaProcess(ProcessUtil.java:130)
	at org.compiere.model.MProcess.startClass(MProcess.java:321)
	at org.compiere.model.MProcess.processIt(MProcess.java:254)
	at org.compiere.model.MProcess.processIt(MProcess.java:228)
	at org.compiere.server.Scheduler.runProcess(Scheduler.java:175)
	at org.compiere.server.Scheduler.doWork(Scheduler.java:121)
	at org.compiere.server.AdempiereServer.run(AdempiereServer.java:232)
	at org.compiere.server.Scheduler.run(Scheduler.java:434)

-----------> MClient.createEMail: No To address: MUser[0,Name=null,EMailUserID=null] [14]

*** 2014-10-22 15:57:32.509 Adempiere Log (CLogFile) ***
